<component name="CopyrightManager">
  <copyright>
    <option name="myName" value="junit5" />
  </copyright>
</component>